<?xml version='1.0' encoding='UTF-8'?>
<testsuite hostname="yaodchendeMBP" name="edu.neu.coe.csye7200.asstwc.WebCrawlerSpec" tests="7" errors="0" failures="0" skipped="0" time="6.143" timestamp="2021-03-21T21:24:13">
                     <properties>
      <property name="awt.toolkit" value="sun.lwawt.macosx.LWCToolkit"/><property name="java.specification.version" value="11"/><property name="sun.cpu.isalist" value=""/><property name="sun.jnu.encoding" value="UTF-8"/><property name="sun.arch.data.model" value="64"/><property name="java.vendor.url" value="https://openjdk.java.net/"/><property name="sun.boot.library.path" value="/Library/Java/JavaVirtualMachines/jdk-11.0.10.jdk/Contents/Home/lib"/><property name="sun.java.command" value="/Users/apple/.sdkman/candidates/sbt/1.4.8/bin/sbt-launch.jar test run"/><property name="jdk.debug" value="release"/><property name="java.specification.vendor" value="Oracle Corporation"/><property name="java.version.date" value="2021-01-19"/><property name="java.home" value="/Library/Java/JavaVirtualMachines/jdk-11.0.10.jdk/Contents/Home"/><property name="file.separator" value="/"/><property name="java.vm.compressedOopsMode" value="Zero based"/><property name="line.separator" value="
"/><property name="java.specification.name" value="Java Platform API Specification"/><property name="java.vm.specification.vendor" value="Oracle Corporation"/><property name="sun.management.compiler" value="HotSpot 64-Bit Tiered Compilers"/><property name="java.runtime.version" value="11.0.10+8-LTS-162"/><property name="user.name" value="AmazingJack"/><property name="log4j.ignoreTCL" value="true"/><property name="file.encoding" value="UTF-8"/><property name="jnidispatch.path" value="/Users/apple/Library/Caches/JNA/temp/jna14227797140482436836.tmp"/><property name="java.vendor.version" value="18.9"/><property name="jna.loaded" value="true"/><property name="java.io.tmpdir" value="/var/folders/4_/y9qzb4yd549d4fd_9tbd86740000gn/T/"/><property name="java.version" value="11.0.10"/><property name="java.vm.specification.name" value="Java Virtual Machine Specification"/><property name="java.awt.printerjob" value="sun.lwawt.macosx.CPrinterJob"/><property name="sun.os.patch.level" value="unknown"/><property name="java.library.path" value="/Users/apple/Library/Java/Extensions:/Library/Java/Extensions:/Network/Library/Java/Extensions:/System/Library/Java/Extensions:/usr/lib/java:."/><property name="java.vendor" value="Oracle Corporation"/><property name="scala.ext.dirs" value="/Users/apple/.sbt/0.13/java9-rt-ext-oracle_corporation_11_0_10"/><property name="sun.io.unicode.encoding" value="UnicodeBig"/><property name="socksNonProxyHosts" value="local|*.local|169.254/16|*.169.254/16"/><property name="gopherProxySet" value="false"/><property name="java.class.path" value="/Users/apple/.sdkman/candidates/sbt/1.4.8/bin/sbt-launch.jar"/><property name="java.vm.vendor" value="Oracle Corporation"/><property name="jline.shutdownhook" value="false"/><property name="user.timezone" value="America/Los_Angeles"/><property name="os.name" value="Mac OS X"/><property name="java.vm.specification.version" value="11"/><property name="sun.java.launcher" value="SUN_STANDARD"/><property name="user.country" value="CN"/><property name="http.nonProxyHosts" value="local|*.local|169.254/16|*.169.254/16"/><property name="sun.cpu.endian" value="little"/><property name="user.home" value="/Users/apple"/><property name="user.language" value="en"/><property name="swoval.tmpdir" value="/Users/apple/.sbt/1.0"/><property name="java.awt.graphicsenv" value="sun.awt.CGraphicsEnvironment"/><property name="jline.esc.timeout" value="0"/><property name="ftp.nonProxyHosts" value="local|*.local|169.254/16|*.169.254/16"/><property name="path.separator" value=":"/><property name="os.version" value="10.16"/><property name="jna.nosys" value="true"/><property name="java.runtime.name" value="Java(TM) SE Runtime Environment"/><property name="java.vm.name" value="Java HotSpot(TM) 64-Bit Server VM"/><property name="jna.platform.library.path" value="/usr/lib:/usr/lib"/><property name="java.vendor.url.bug" value="https://bugreport.java.com/bugreport/"/><property name="user.dir" value="/Users/apple/IdeaProjects/CSYE7200/assignment-web-crawler"/><property name="os.arch" value="x86_64"/><property name="java.vm.info" value="mixed mode"/><property name="java.vm.version" value="11.0.10+8-LTS-162"/><property name="java.class.version" value="55.0"/>
    </properties>
                     <testcase classname="edu.neu.coe.csye7200.asstwc.WebCrawlerSpec" name="getURLContent should succeed for http://www1.coe.neu.edu/~rhillyard/indexSafe.html" time="0.646">
                                                 
                                               </testcase><testcase classname="edu.neu.coe.csye7200.asstwc.WebCrawlerSpec" name="wget(URL) should succeed for http://www1.coe.neu.edu/~rhillyard/indexSafe.html" time="0.438">
                                                 
                                               </testcase><testcase classname="edu.neu.coe.csye7200.asstwc.WebCrawlerSpec" name="wget(URL) should not succeed for http://www1.coe.neu.edu/junk" time="0.093">
                                                 
                                               </testcase><testcase classname="edu.neu.coe.csye7200.asstwc.WebCrawlerSpec" name="wget(URL) should not succeed for http://www1.coe.neu.edu/~rhillyard/indexSafe.html" time="0.004">
                                                 
                                               </testcase><testcase classname="edu.neu.coe.csye7200.asstwc.WebCrawlerSpec" name="wget(Seq[URL]) should succeed for http://www1.coe.neu.edu/~rhillyard/indexSafe.html, http://www.google.com/" time="0.319">
                                                 
                                               </testcase><testcase classname="edu.neu.coe.csye7200.asstwc.WebCrawlerSpec" name="filterAndFlatten should work" time="0.794">
                                                 
                                               </testcase><testcase classname="edu.neu.coe.csye7200.asstwc.WebCrawlerSpec" name="crawler(Seq[URL]) should succeed for http://www1.coe.neu.edu/~rhillyard/indexSafe.html, depth 2" time="3.849">
                                                 
                                               </testcase>
                     <system-out><![CDATA[]]></system-out>
                     <system-err><![CDATA[]]></system-err>
                   </testsuite>